2023-01-10 17:50:44: == Sync Started by User Command
2023-01-10 17:50:44: Création du dossier H:/Javascript/Site cours/.vscode
2023-01-10 17:50:44: Création du dossier H:/Javascript/Site cours/Cours
2023-01-10 17:50:44: Création du dossier H:/Javascript/Site cours/Cours/3eme
2023-01-10 17:50:44: Création du dossier H:/Javascript/Site cours/Cours/3eme/Chapitre_1
2023-01-10 17:50:44: Création du dossier H:/Javascript/Site cours/Cours/3eme/Chapitre_1/JS
2023-01-10 17:50:44: Création du dossier H:/Javascript/Site cours/Cours/3eme/Chapitre_10
2023-01-10 17:50:44: Création du dossier H:/Javascript/Site cours/Cours/3eme/Chapitre_11
2023-01-10 17:50:44: Création du dossier H:/Javascript/Site cours/Cours/3eme/Chapitre_12
2023-01-10 17:50:44: Création du dossier H:/Javascript/Site cours/Cours/3eme/Chapitre_13
2023-01-10 17:50:44: Création du dossier H:/Javascript/Site cours/Cours/3eme/Chapitre_14
2023-01-10 17:50:44: Création du dossier H:/Javascript/Site cours/Cours/3eme/Chapitre_15
2023-01-10 17:50:44: Création du dossier H:/Javascript/Site cours/Cours/3eme/Chapitre_16
2023-01-10 17:50:44: Création du dossier H:/Javascript/Site cours/Cours/3eme/Chapitre_17
2023-01-10 17:50:44: Création du dossier H:/Javascript/Site cours/Cours/3eme/Chapitre_18
2023-01-10 17:50:44: Création du dossier H:/Javascript/Site cours/Cours/3eme/Chapitre_19
2023-01-10 17:50:44: Création du dossier H:/Javascript/Site cours/Cours/3eme/Chapitre_2
2023-01-10 17:50:44: Création du dossier H:/Javascript/Site cours/Cours/3eme/Chapitre_20
2023-01-10 17:50:44: Création du dossier H:/Javascript/Site cours/Cours/3eme/Chapitre_3
2023-01-10 17:50:44: Création du dossier H:/Javascript/Site cours/Cours/3eme/Chapitre_4
2023-01-10 17:50:44: Création du dossier H:/Javascript/Site cours/Cours/3eme/Chapitre_5
2023-01-10 17:50:44: Création du dossier H:/Javascript/Site cours/Cours/3eme/Chapitre_6
2023-01-10 17:50:44: Création du dossier H:/Javascript/Site cours/Cours/3eme/Chapitre_7
2023-01-10 17:50:44: Création du dossier H:/Javascript/Site cours/Cours/3eme/Chapitre_8
2023-01-10 17:50:44: Création du dossier H:/Javascript/Site cours/Cours/3eme/Chapitre_9
2023-01-10 17:50:44: Création du dossier H:/Javascript/Site cours/Cours/4eme
2023-01-10 17:50:44: Création du dossier H:/Javascript/Site cours/Cours/4eme/Chapitre_1
2023-01-10 17:50:44: Création du dossier H:/Javascript/Site cours/Cours/4eme/Chapitre_1/JS
2023-01-10 17:50:44: Création du dossier H:/Javascript/Site cours/Cours/4eme/Chapitre_10
2023-01-10 17:50:44: Création du dossier H:/Javascript/Site cours/Cours/4eme/Chapitre_11
2023-01-10 17:50:44: Création du dossier H:/Javascript/Site cours/Cours/4eme/Chapitre_12
2023-01-10 17:50:44: Création du dossier H:/Javascript/Site cours/Cours/4eme/Chapitre_13
2023-01-10 17:50:44: Création du dossier H:/Javascript/Site cours/Cours/4eme/Chapitre_14
2023-01-10 17:50:44: Création du dossier H:/Javascript/Site cours/Cours/4eme/Chapitre_15
2023-01-10 17:50:44: Création du dossier H:/Javascript/Site cours/Cours/4eme/Chapitre_16
2023-01-10 17:50:44: Création du dossier H:/Javascript/Site cours/Cours/4eme/Chapitre_17
2023-01-10 17:50:44: Création du dossier H:/Javascript/Site cours/Cours/4eme/Chapitre_18
2023-01-10 17:50:44: Création du dossier H:/Javascript/Site cours/Cours/4eme/Chapitre_19
2023-01-10 17:50:44: Création du dossier H:/Javascript/Site cours/Cours/4eme/Chapitre_2
2023-01-10 17:50:44: Création du dossier H:/Javascript/Site cours/Cours/4eme/Chapitre_2/Images
2023-01-10 17:50:44: Création du dossier H:/Javascript/Site cours/Cours/4eme/Chapitre_20
2023-01-10 17:50:44: Création du dossier H:/Javascript/Site cours/Cours/4eme/Chapitre_21
2023-01-10 17:50:44: Création du dossier H:/Javascript/Site cours/Cours/4eme/Chapitre_3
2023-01-10 17:50:44: Création du dossier H:/Javascript/Site cours/Cours/4eme/Chapitre_3/Images
2023-01-10 17:50:44: Création du dossier H:/Javascript/Site cours/Cours/4eme/Chapitre_4
2023-01-10 17:50:44: Création du dossier H:/Javascript/Site cours/Cours/4eme/Chapitre_4/Images
2023-01-10 17:50:44: Création du dossier H:/Javascript/Site cours/Cours/4eme/Chapitre_5
2023-01-10 17:50:44: Création du dossier H:/Javascript/Site cours/Cours/4eme/Chapitre_5/Images
2023-01-10 17:50:44: Création du dossier H:/Javascript/Site cours/Cours/4eme/Chapitre_6
2023-01-10 17:50:44: Création du dossier H:/Javascript/Site cours/Cours/4eme/Chapitre_7
2023-01-10 17:50:44: Création du dossier H:/Javascript/Site cours/Cours/4eme/Chapitre_8
2023-01-10 17:50:44: Création du dossier H:/Javascript/Site cours/Cours/4eme/Chapitre_9
2023-01-10 17:50:44: Création du dossier H:/Javascript/Site cours/Cours/5eme
2023-01-10 17:50:44: Création du dossier H:/Javascript/Site cours/Cours/5eme/Chapitre_1
2023-01-10 17:50:44: Création du dossier H:/Javascript/Site cours/Cours/5eme/Chapitre_10
2023-01-10 17:50:44: Création du dossier H:/Javascript/Site cours/Cours/5eme/Chapitre_11
2023-01-10 17:50:44: Création du dossier H:/Javascript/Site cours/Cours/5eme/Chapitre_12
2023-01-10 17:50:44: Création du dossier H:/Javascript/Site cours/Cours/5eme/Chapitre_13
2023-01-10 17:50:44: Création du dossier H:/Javascript/Site cours/Cours/5eme/Chapitre_14
2023-01-10 17:50:44: Création du dossier H:/Javascript/Site cours/Cours/5eme/Chapitre_15
2023-01-10 17:50:44: Création du dossier H:/Javascript/Site cours/Cours/5eme/Chapitre_16
2023-01-10 17:50:44: Création du dossier H:/Javascript/Site cours/Cours/5eme/Chapitre_17
2023-01-10 17:50:44: Création du dossier H:/Javascript/Site cours/Cours/5eme/Chapitre_18
2023-01-10 17:50:44: Création du dossier H:/Javascript/Site cours/Cours/5eme/Chapitre_19
2023-01-10 17:50:44: Création du dossier H:/Javascript/Site cours/Cours/5eme/Chapitre_2
2023-01-10 17:50:44: Création du dossier H:/Javascript/Site cours/Cours/5eme/Chapitre_20
2023-01-10 17:50:44: Création du dossier H:/Javascript/Site cours/Cours/5eme/Chapitre_21
2023-01-10 17:50:44: Création du dossier H:/Javascript/Site cours/Cours/5eme/Chapitre_3
2023-01-10 17:50:44: Création du dossier H:/Javascript/Site cours/Cours/5eme/Chapitre_4
2023-01-10 17:50:44: Création du dossier H:/Javascript/Site cours/Cours/5eme/Chapitre_5
2023-01-10 17:50:44: Création du dossier H:/Javascript/Site cours/Cours/5eme/Chapitre_6
2023-01-10 17:50:44: Création du dossier H:/Javascript/Site cours/Cours/5eme/Chapitre_7
2023-01-10 17:50:44: Création du dossier H:/Javascript/Site cours/Cours/5eme/Chapitre_8
2023-01-10 17:50:44: Création du dossier H:/Javascript/Site cours/Cours/5eme/Chapitre_9
2023-01-10 17:50:44: Création du dossier H:/Javascript/Site cours/Cours/6eme
2023-01-10 17:50:44: Création du dossier H:/Javascript/Site cours/Cours/6eme/Chapitre_1
2023-01-10 17:50:44: Création du dossier H:/Javascript/Site cours/Cours/6eme/Chapitre_10
2023-01-10 17:50:44: Création du dossier H:/Javascript/Site cours/Cours/6eme/Chapitre_11
2023-01-10 17:50:44: Création du dossier H:/Javascript/Site cours/Cours/6eme/Chapitre_12
2023-01-10 17:50:45: Création du dossier H:/Javascript/Site cours/Cours/6eme/Chapitre_13
2023-01-10 17:50:45: Création du dossier H:/Javascript/Site cours/Cours/6eme/Chapitre_14
2023-01-10 17:50:45: Création du dossier H:/Javascript/Site cours/Cours/6eme/Chapitre_15
2023-01-10 17:50:45: Création du dossier H:/Javascript/Site cours/Cours/6eme/Chapitre_16
2023-01-10 17:50:45: Création du dossier H:/Javascript/Site cours/Cours/6eme/Chapitre_17
2023-01-10 17:50:45: Création du dossier H:/Javascript/Site cours/Cours/6eme/Chapitre_18
2023-01-10 17:50:45: Création du dossier H:/Javascript/Site cours/Cours/6eme/Chapitre_19
2023-01-10 17:50:45: Création du dossier H:/Javascript/Site cours/Cours/6eme/Chapitre_2
2023-01-10 17:50:45: Création du dossier H:/Javascript/Site cours/Cours/6eme/Chapitre_20
2023-01-10 17:50:45: Création du dossier H:/Javascript/Site cours/Cours/6eme/Chapitre_21
2023-01-10 17:50:45: Création du dossier H:/Javascript/Site cours/Cours/6eme/Chapitre_3
2023-01-10 17:50:45: Création du dossier H:/Javascript/Site cours/Cours/6eme/Chapitre_4
2023-01-10 17:50:45: Création du dossier H:/Javascript/Site cours/Cours/6eme/Chapitre_5
2023-01-10 17:50:45: Création du dossier H:/Javascript/Site cours/Cours/6eme/Chapitre_6
2023-01-10 17:50:45: Création du dossier H:/Javascript/Site cours/Cours/6eme/Chapitre_7
2023-01-10 17:50:45: Création du dossier H:/Javascript/Site cours/Cours/6eme/Chapitre_8
2023-01-10 17:50:45: Création du dossier H:/Javascript/Site cours/Cours/6eme/Chapitre_9
2023-01-10 17:50:45: Création du dossier H:/Javascript/Site cours/Cours/Images
2023-01-10 17:50:45: Création du dossier H:/Javascript/Site cours/CSS
2023-01-10 17:50:45: Création du dossier H:/Javascript/Site cours/Font
2023-01-10 17:50:45: Création du dossier H:/Javascript/Site cours/Images
2023-01-10 17:50:45: Création du dossier H:/Javascript/Site cours/JS
2023-01-10 17:50:45: Création du dossier H:/Javascript/Site cours/JS/Animation
2023-01-10 17:50:45: Création du dossier H:/Javascript/Site cours/JS/Animation/Objects
2023-01-10 17:50:45: Création du dossier H:/Javascript/Site cours/JS/Cours
2023-01-10 17:50:45: Création du dossier H:/Javascript/Site cours/JS/es5
2023-01-10 17:50:45: Création du dossier H:/Javascript/Site cours/JS/es5/a11y
2023-01-10 17:50:45: Création du dossier H:/Javascript/Site cours/JS/es5/adaptors
2023-01-10 17:50:45: Création du dossier H:/Javascript/Site cours/JS/es5/input
2023-01-10 17:50:45: Création du dossier H:/Javascript/Site cours/JS/es5/input/mml
2023-01-10 17:50:45: Création du dossier H:/Javascript/Site cours/JS/es5/input/mml/extensions
2023-01-10 17:50:45: Création du dossier H:/Javascript/Site cours/JS/es5/input/tex
2023-01-10 17:50:45: Création du dossier H:/Javascript/Site cours/JS/es5/input/tex/extensions
2023-01-10 17:50:45: Création du dossier H:/Javascript/Site cours/JS/es5/output
2023-01-10 17:50:45: Création du dossier H:/Javascript/Site cours/JS/es5/output/chtml
2023-01-10 17:50:45: Création du dossier H:/Javascript/Site cours/JS/es5/output/chtml/fonts
2023-01-10 17:50:45: Création du dossier H:/Javascript/Site cours/JS/es5/output/chtml/fonts/woff-v2
2023-01-10 17:50:45: Création du dossier H:/Javascript/Site cours/JS/es5/output/svg
2023-01-10 17:50:45: Création du dossier H:/Javascript/Site cours/JS/es5/output/svg/fonts
2023-01-10 17:50:45: Création du dossier H:/Javascript/Site cours/JS/es5/sre
2023-01-10 17:50:45: Création du dossier H:/Javascript/Site cours/JS/es5/sre/mathmaps
2023-01-10 17:50:45: Création du dossier H:/Javascript/Site cours/JS/es5/ui
2023-01-10 17:50:45: Nouvelle Copie 'E:/Onedrive/Prog/Website/Cours/.vscode/launch.json' -> 'H:/Javascript/Site cours/.vscode/launch.json' (1,333)
2023-01-10 17:50:45: Nouvelle Copie 'E:/Onedrive/Prog/Website/Cours/Cours/3eme/Chapitre_1/Cours.html' -> 'H:/Javascript/Site cours/Cours/3eme/Chapitre_1/Cours.html' (9,105)
2023-01-10 17:50:45: Nouvelle Copie 'E:/Onedrive/Prog/Website/Cours/AnimationTest.html' -> 'H:/Javascript/Site cours/AnimationTest.html' (657)
2023-01-10 17:50:45: Nouvelle Copie 'E:/Onedrive/Prog/Website/Cours/Cours/3eme/Chapitre_1/JS/Animations.js' -> 'H:/Javascript/Site cours/Cours/3eme/Chapitre_1/JS/Animations.js' (2,609)
2023-01-10 17:50:45: Nouvelle Copie 'E:/Onedrive/Prog/Website/Cours/Cours/3eme/Chapitre_10/Cours.html' -> 'H:/Javascript/Site cours/Cours/3eme/Chapitre_10/Cours.html' (882)
2023-01-10 17:50:45: Nouvelle Copie 'E:/Onedrive/Prog/Website/Cours/Cours/3eme/Chapitre_11/Cours.html' -> 'H:/Javascript/Site cours/Cours/3eme/Chapitre_11/Cours.html' (892)
2023-01-10 17:50:45: Nouvelle Copie 'E:/Onedrive/Prog/Website/Cours/Cours/3eme/Chapitre_12/Cours.html' -> 'H:/Javascript/Site cours/Cours/3eme/Chapitre_12/Cours.html' (916)
2023-01-10 17:50:45: Nouvelle Copie 'E:/Onedrive/Prog/Website/Cours/Cours/3eme/Chapitre_13/Cours.html' -> 'H:/Javascript/Site cours/Cours/3eme/Chapitre_13/Cours.html' (886)
2023-01-10 17:50:45: Nouvelle Copie 'E:/Onedrive/Prog/Website/Cours/Cours/3eme/Chapitre_14/Cours.html' -> 'H:/Javascript/Site cours/Cours/3eme/Chapitre_14/Cours.html' (912)
2023-01-10 17:50:45: Nouvelle Copie 'E:/Onedrive/Prog/Website/Cours/Cours/3eme/Chapitre_15/Cours.html' -> 'H:/Javascript/Site cours/Cours/3eme/Chapitre_15/Cours.html' (896)
2023-01-10 17:50:45: Nouvelle Copie 'E:/Onedrive/Prog/Website/Cours/Cours/3eme/Chapitre_16/Cours.html' -> 'H:/Javascript/Site cours/Cours/3eme/Chapitre_16/Cours.html' (896)
2023-01-10 17:50:45: Nouvelle Copie 'E:/Onedrive/Prog/Website/Cours/Cours/3eme/Chapitre_17/Cours.html' -> 'H:/Javascript/Site cours/Cours/3eme/Chapitre_17/Cours.html' (886)
2023-01-10 17:50:45: Nouvelle Copie 'E:/Onedrive/Prog/Website/Cours/Cours/3eme/Chapitre_19/Cours.html' -> 'H:/Javascript/Site cours/Cours/3eme/Chapitre_19/Cours.html' (866)
2023-01-10 17:50:45: Nouvelle Copie 'E:/Onedrive/Prog/Website/Cours/Cours/3eme/Chapitre_2/Cours.html' -> 'H:/Javascript/Site cours/Cours/3eme/Chapitre_2/Cours.html' (876)
2023-01-10 17:50:45: Nouvelle Copie 'E:/Onedrive/Prog/Website/Cours/Cours/3eme/Chapitre_18/Cours.html' -> 'H:/Javascript/Site cours/Cours/3eme/Chapitre_18/Cours.html' (880)
2023-01-10 17:50:45: Nouvelle Copie 'E:/Onedrive/Prog/Website/Cours/Cours/3eme/Chapitre_20/Cours.html' -> 'H:/Javascript/Site cours/Cours/3eme/Chapitre_20/Cours.html' (900)
2023-01-10 17:50:45: Nouvelle Copie 'E:/Onedrive/Prog/Website/Cours/Cours/3eme/Chapitre_3/Cours.html' -> 'H:/Javascript/Site cours/Cours/3eme/Chapitre_3/Cours.html' (872)
2023-01-10 17:50:45: Nouvelle Copie 'E:/Onedrive/Prog/Website/Cours/Cours/3eme/Chapitre_4/Cours.html' -> 'H:/Javascript/Site cours/Cours/3eme/Chapitre_4/Cours.html' (904)
2023-01-10 17:50:45: Nouvelle Copie 'E:/Onedrive/Prog/Website/Cours/Cours/3eme/Chapitre_5/Cours.html' -> 'H:/Javascript/Site cours/Cours/3eme/Chapitre_5/Cours.html' (882)
2023-01-10 17:50:45: Nouvelle Copie 'E:/Onedrive/Prog/Website/Cours/Cours/3eme/Chapitre_6/Cours.html' -> 'H:/Javascript/Site cours/Cours/3eme/Chapitre_6/Cours.html' (908)
2023-01-10 17:50:45: Nouvelle Copie 'E:/Onedrive/Prog/Website/Cours/Cours/3eme/Chapitre_7/Cours.html' -> 'H:/Javascript/Site cours/Cours/3eme/Chapitre_7/Cours.html' (892)
2023-01-10 17:50:45: Nouvelle Copie 'E:/Onedrive/Prog/Website/Cours/Cours/3eme/Chapitre_8/Cours.html' -> 'H:/Javascript/Site cours/Cours/3eme/Chapitre_8/Cours.html' (918)
2023-01-10 17:50:45: Nouvelle Copie 'E:/Onedrive/Prog/Website/Cours/Cours/3eme/Chapitre_9/Cours.html' -> 'H:/Javascript/Site cours/Cours/3eme/Chapitre_9/Cours.html' (870)
2023-01-10 17:50:45: Nouvelle Copie 'E:/Onedrive/Prog/Website/Cours/Cours/4eme/Chapitre_1/Cours.html' -> 'H:/Javascript/Site cours/Cours/4eme/Chapitre_1/Cours.html' (9,533)
2023-01-10 17:50:45: Nouvelle Copie 'E:/Onedrive/Prog/Website/Cours/Cours/4eme/Chapitre_1/JS/Animations.js' -> 'H:/Javascript/Site cours/Cours/4eme/Chapitre_1/JS/Animations.js' (2,609)
2023-01-10 17:50:45: Nouvelle Copie 'E:/Onedrive/Prog/Website/Cours/Cours/4eme/Chapitre_10/Cours.html' -> 'H:/Javascript/Site cours/Cours/4eme/Chapitre_10/Cours.html' (902)
2023-01-10 17:50:45: Nouvelle Copie 'E:/Onedrive/Prog/Website/Cours/Cours/4eme/Chapitre_11/Cours.html' -> 'H:/Javascript/Site cours/Cours/4eme/Chapitre_11/Cours.html' (930)
2023-01-10 17:50:45: Nouvelle Copie 'E:/Onedrive/Prog/Website/Cours/Cours/4eme/Chapitre_12/Cours.html' -> 'H:/Javascript/Site cours/Cours/4eme/Chapitre_12/Cours.html' (930)
2023-01-10 17:50:45: Nouvelle Copie 'E:/Onedrive/Prog/Website/Cours/Cours/4eme/Chapitre_13/Cours.html' -> 'H:/Javascript/Site cours/Cours/4eme/Chapitre_13/Cours.html' (884)
2023-01-10 17:50:45: Nouvelle Copie 'E:/Onedrive/Prog/Website/Cours/Cours/4eme/Chapitre_14/Cours.html' -> 'H:/Javascript/Site cours/Cours/4eme/Chapitre_14/Cours.html' (924)
2023-01-10 17:50:46: Nouvelle Copie 'E:/Onedrive/Prog/Website/Cours/Cours/4eme/Chapitre_15/Cours.html' -> 'H:/Javascript/Site cours/Cours/4eme/Chapitre_15/Cours.html' (890)
2023-01-10 17:50:46: Nouvelle Copie 'E:/Onedrive/Prog/Website/Cours/Cours/4eme/Chapitre_16/Cours.html' -> 'H:/Javascript/Site cours/Cours/4eme/Chapitre_16/Cours.html' (892)
2023-01-10 17:50:46: Nouvelle Copie 'E:/Onedrive/Prog/Website/Cours/Cours/4eme/Chapitre_17/Cours.html' -> 'H:/Javascript/Site cours/Cours/4eme/Chapitre_17/Cours.html' (894)
2023-01-10 17:50:46: Nouvelle Copie 'E:/Onedrive/Prog/Website/Cours/Cours/4eme/Chapitre_18/Cours.html' -> 'H:/Javascript/Site cours/Cours/4eme/Chapitre_18/Cours.html' (888)
2023-01-10 17:50:46: Nouvelle Copie 'E:/Onedrive/Prog/Website/Cours/Cours/4eme/Chapitre_19/Cours.html' -> 'H:/Javascript/Site cours/Cours/4eme/Chapitre_19/Cours.html' (878)
2023-01-10 17:50:46: Nouvelle Copie 'E:/Onedrive/Prog/Website/Cours/Cours/4eme/Chapitre_2/Cours.html' -> 'H:/Javascript/Site cours/Cours/4eme/Chapitre_2/Cours.html' (10,373)
2023-01-10 17:50:46: Nouvelle Copie 'E:/Onedrive/Prog/Website/Cours/Cours/4eme/Chapitre_2/Images/Cours2.png' -> 'H:/Javascript/Site cours/Cours/4eme/Chapitre_2/Images/Cours2.png' (2,294)
2023-01-10 17:50:46: Nouvelle Copie 'E:/Onedrive/Prog/Website/Cours/Cours/4eme/Chapitre_2/Images/Cours3.png' -> 'H:/Javascript/Site cours/Cours/4eme/Chapitre_2/Images/Cours3.png' (2,134)
2023-01-10 17:50:46: Nouvelle Copie 'E:/Onedrive/Prog/Website/Cours/Cours/4eme/Chapitre_2/Images/Cours1.jpg' -> 'H:/Javascript/Site cours/Cours/4eme/Chapitre_2/Images/Cours1.jpg' (9,757)
2023-01-10 17:50:46: Nouvelle Copie 'E:/Onedrive/Prog/Website/Cours/Cours/4eme/Chapitre_2/Images/Image Toiture0.png' -> 'H:/Javascript/Site cours/Cours/4eme/Chapitre_2/Images/Image Toiture0.png' (10,595)
2023-01-10 17:50:46: Nouvelle Copie 'E:/Onedrive/Prog/Website/Cours/Cours/4eme/Chapitre_20/Cours.html' -> 'H:/Javascript/Site cours/Cours/4eme/Chapitre_20/Cours.html' (898)
2023-01-10 17:50:46: Nouvelle Copie 'E:/Onedrive/Prog/Website/Cours/Cours/4eme/Chapitre_2/Images/Image Toiture2.png' -> 'H:/Javascript/Site cours/Cours/4eme/Chapitre_2/Images/Image Toiture2.png' (33,199)
2023-01-10 17:50:46: Nouvelle Copie 'E:/Onedrive/Prog/Website/Cours/Cours/4eme/Chapitre_2/Images/Image Toiture1.png' -> 'H:/Javascript/Site cours/Cours/4eme/Chapitre_2/Images/Image Toiture1.png' (60,024)
2023-01-10 17:50:46: Nouvelle Copie 'E:/Onedrive/Prog/Website/Cours/Cours/4eme/Chapitre_21/Cours.html' -> 'H:/Javascript/Site cours/Cours/4eme/Chapitre_21/Cours.html' (868)
2023-01-10 17:50:46: Nouvelle Copie 'E:/Onedrive/Prog/Website/Cours/Cours/4eme/Chapitre_3/Images/fleche.png' -> 'H:/Javascript/Site cours/Cours/4eme/Chapitre_3/Images/fleche.png' (1,366)
2023-01-10 17:50:46: Nouvelle Copie 'E:/Onedrive/Prog/Website/Cours/Cours/4eme/Chapitre_3/Cours.html' -> 'H:/Javascript/Site cours/Cours/4eme/Chapitre_3/Cours.html' (13,601)
2023-01-10 17:50:46: Nouvelle Copie 'E:/Onedrive/Prog/Website/Cours/Cours/4eme/Chapitre_3/Images/Immeuble.png' -> 'H:/Javascript/Site cours/Cours/4eme/Chapitre_3/Images/Immeuble.png' (82,576)
2023-01-10 17:50:46: Nouvelle Copie 'E:/Onedrive/Prog/Website/Cours/Cours/4eme/Chapitre_4/Cours.html' -> 'H:/Javascript/Site cours/Cours/4eme/Chapitre_4/Cours.html' (6,177)
2023-01-10 17:50:46: Nouvelle Copie 'E:/Onedrive/Prog/Website/Cours/Cours/4eme/Chapitre_4/Images/BasePavage.png' -> 'H:/Javascript/Site cours/Cours/4eme/Chapitre_4/Images/BasePavage.png' (3,122)
2023-01-10 17:50:46: Nouvelle Copie 'E:/Onedrive/Prog/Website/Cours/Cours/4eme/Chapitre_4/Images/Cours1.png' -> 'H:/Javascript/Site cours/Cours/4eme/Chapitre_4/Images/Cours1.png' (44,927)
2023-01-10 17:50:46: Nouvelle Copie 'E:/Onedrive/Prog/Website/Cours/Cours/4eme/Chapitre_4/Images/Cours2.png' -> 'H:/Javascript/Site cours/Cours/4eme/Chapitre_4/Images/Cours2.png' (64,734)
2023-01-10 17:50:46: Nouvelle Copie 'E:/Onedrive/Prog/Website/Cours/Cours/4eme/Chapitre_4/Images/Dessin.png' -> 'H:/Javascript/Site cours/Cours/4eme/Chapitre_4/Images/Dessin.png' (48,617)
2023-01-10 17:50:46: Nouvelle Copie 'E:/Onedrive/Prog/Website/Cours/Cours/4eme/Chapitre_4/Images/Dessin2.png' -> 'H:/Javascript/Site cours/Cours/4eme/Chapitre_4/Images/Dessin2.png' (45,465)
2023-01-10 17:50:46: Nouvelle Copie 'E:/Onedrive/Prog/Website/Cours/Cours/4eme/Chapitre_5/Cours.html' -> 'H:/Javascript/Site cours/Cours/4eme/Chapitre_5/Cours.html' (9,633)
2023-01-10 17:50:46: Nouvelle Copie 'E:/Onedrive/Prog/Website/Cours/Cours/4eme/Chapitre_4/pavage.js' -> 'H:/Javascript/Site cours/Cours/4eme/Chapitre_4/pavage.js' (2,503)
2023-01-10 17:50:46: Nouvelle Copie 'E:/Onedrive/Prog/Website/Cours/Cours/4eme/Chapitre_5/Images/Act1.png' -> 'H:/Javascript/Site cours/Cours/4eme/Chapitre_5/Images/Act1.png' (12,695)
2023-01-10 17:50:46: Nouvelle Copie 'E:/Onedrive/Prog/Website/Cours/Cours/4eme/Chapitre_5/Images/Act2.png' -> 'H:/Javascript/Site cours/Cours/4eme/Chapitre_5/Images/Act2.png' (5,626)
2023-01-10 17:50:46: Nouvelle Copie 'E:/Onedrive/Prog/Website/Cours/Cours/4eme/Chapitre_5/Images/ActLeg1.png' -> 'H:/Javascript/Site cours/Cours/4eme/Chapitre_5/Images/ActLeg1.png' (284)
2023-01-10 17:50:46: Nouvelle Copie 'E:/Onedrive/Prog/Website/Cours/Cours/4eme/Chapitre_5/Images/Act3.png' -> 'H:/Javascript/Site cours/Cours/4eme/Chapitre_5/Images/Act3.png' (25,385)
2023-01-10 17:50:46: Nouvelle Copie 'E:/Onedrive/Prog/Website/Cours/Cours/4eme/Chapitre_5/Images/ActLeg2.png' -> 'H:/Javascript/Site cours/Cours/4eme/Chapitre_5/Images/ActLeg2.png' (292)
2023-01-10 17:50:46: Nouvelle Copie 'E:/Onedrive/Prog/Website/Cours/Cours/4eme/Chapitre_5/Images/ActLeg3.png' -> 'H:/Javascript/Site cours/Cours/4eme/Chapitre_5/Images/ActLeg3.png' (150)
2023-01-10 17:50:46: Nouvelle Copie 'E:/Onedrive/Prog/Website/Cours/Cours/4eme/Chapitre_5/Images/ActLeg4.png' -> 'H:/Javascript/Site cours/Cours/4eme/Chapitre_5/Images/ActLeg4.png' (174)
2023-01-10 17:50:46: Nouvelle Copie 'E:/Onedrive/Prog/Website/Cours/Cours/4eme/Chapitre_7/Cours.html' -> 'H:/Javascript/Site cours/Cours/4eme/Chapitre_7/Cours.html' (876)
2023-01-10 17:50:46: Nouvelle Copie 'E:/Onedrive/Prog/Website/Cours/Cours/4eme/Chapitre_6/Cours.html' -> 'H:/Javascript/Site cours/Cours/4eme/Chapitre_6/Cours.html' (4,503)
2023-01-10 17:50:46: Nouvelle Copie 'E:/Onedrive/Prog/Website/Cours/Cours/4eme/Chapitre_8/Cours.html' -> 'H:/Javascript/Site cours/Cours/4eme/Chapitre_8/Cours.html' (892)
2023-01-10 17:50:46: Nouvelle Copie 'E:/Onedrive/Prog/Website/Cours/Cours/4eme/Chapitre_9/Cours.html' -> 'H:/Javascript/Site cours/Cours/4eme/Chapitre_9/Cours.html' (896)
2023-01-10 17:50:46: Nouvelle Copie 'E:/Onedrive/Prog/Website/Cours/Cours/5eme/Chapitre_1/Cours.html' -> 'H:/Javascript/Site cours/Cours/5eme/Chapitre_1/Cours.html' (13,389)
2023-01-10 17:50:46: Nouvelle Copie 'E:/Onedrive/Prog/Website/Cours/Cours/5eme/Chapitre_10/Cours.html' -> 'H:/Javascript/Site cours/Cours/5eme/Chapitre_10/Cours.html' (13,389)
2023-01-10 17:50:46: Nouvelle Copie 'E:/Onedrive/Prog/Website/Cours/Cours/5eme/Chapitre_11/Cours.html' -> 'H:/Javascript/Site cours/Cours/5eme/Chapitre_11/Cours.html' (13,389)
2023-01-10 17:50:46: Nouvelle Copie 'E:/Onedrive/Prog/Website/Cours/Cours/5eme/Chapitre_12/Cours.html' -> 'H:/Javascript/Site cours/Cours/5eme/Chapitre_12/Cours.html' (13,389)
2023-01-10 17:50:46: Nouvelle Copie 'E:/Onedrive/Prog/Website/Cours/Cours/5eme/Chapitre_13/Cours.html' -> 'H:/Javascript/Site cours/Cours/5eme/Chapitre_13/Cours.html' (13,389)
2023-01-10 17:50:46: Nouvelle Copie 'E:/Onedrive/Prog/Website/Cours/Cours/5eme/Chapitre_14/Cours.html' -> 'H:/Javascript/Site cours/Cours/5eme/Chapitre_14/Cours.html' (13,389)
2023-01-10 17:50:46: Nouvelle Copie 'E:/Onedrive/Prog/Website/Cours/Cours/5eme/Chapitre_15/Cours.html' -> 'H:/Javascript/Site cours/Cours/5eme/Chapitre_15/Cours.html' (13,389)
2023-01-10 17:50:46: Nouvelle Copie 'E:/Onedrive/Prog/Website/Cours/Cours/5eme/Chapitre_16/Cours.html' -> 'H:/Javascript/Site cours/Cours/5eme/Chapitre_16/Cours.html' (13,389)
2023-01-10 17:50:46: Nouvelle Copie 'E:/Onedrive/Prog/Website/Cours/Cours/5eme/Chapitre_17/Cours.html' -> 'H:/Javascript/Site cours/Cours/5eme/Chapitre_17/Cours.html' (13,389)
2023-01-10 17:50:46: Nouvelle Copie 'E:/Onedrive/Prog/Website/Cours/Cours/5eme/Chapitre_18/Cours.html' -> 'H:/Javascript/Site cours/Cours/5eme/Chapitre_18/Cours.html' (13,389)
2023-01-10 17:50:46: Nouvelle Copie 'E:/Onedrive/Prog/Website/Cours/Cours/5eme/Chapitre_19/Cours.html' -> 'H:/Javascript/Site cours/Cours/5eme/Chapitre_19/Cours.html' (13,389)
2023-01-10 17:50:46: Nouvelle Copie 'E:/Onedrive/Prog/Website/Cours/Cours/5eme/Chapitre_2/Cours.html' -> 'H:/Javascript/Site cours/Cours/5eme/Chapitre_2/Cours.html' (13,389)
2023-01-10 17:50:46: Nouvelle Copie 'E:/Onedrive/Prog/Website/Cours/Cours/5eme/Chapitre_20/Cours.html' -> 'H:/Javascript/Site cours/Cours/5eme/Chapitre_20/Cours.html' (13,389)
2023-01-10 17:50:46: Nouvelle Copie 'E:/Onedrive/Prog/Website/Cours/Cours/5eme/Chapitre_3/Cours.html' -> 'H:/Javascript/Site cours/Cours/5eme/Chapitre_3/Cours.html' (13,389)
2023-01-10 17:50:46: Nouvelle Copie 'E:/Onedrive/Prog/Website/Cours/Cours/5eme/Chapitre_21/Cours.html' -> 'H:/Javascript/Site cours/Cours/5eme/Chapitre_21/Cours.html' (13,389)
2023-01-10 17:50:46: Nouvelle Copie 'E:/Onedrive/Prog/Website/Cours/Cours/5eme/Chapitre_4/Cours.html' -> 'H:/Javascript/Site cours/Cours/5eme/Chapitre_4/Cours.html' (13,389)
2023-01-10 17:50:46: Nouvelle Copie 'E:/Onedrive/Prog/Website/Cours/Cours/5eme/Chapitre_5/Cours.html' -> 'H:/Javascript/Site cours/Cours/5eme/Chapitre_5/Cours.html' (13,389)
2023-01-10 17:50:46: Nouvelle Copie 'E:/Onedrive/Prog/Website/Cours/Cours/5eme/Chapitre_6/Cours.html' -> 'H:/Javascript/Site cours/Cours/5eme/Chapitre_6/Cours.html' (13,389)
2023-01-10 17:50:47: Nouvelle Copie 'E:/Onedrive/Prog/Website/Cours/Cours/5eme/Chapitre_7/Cours.html' -> 'H:/Javascript/Site cours/Cours/5eme/Chapitre_7/Cours.html' (13,389)
2023-01-10 17:50:47: Nouvelle Copie 'E:/Onedrive/Prog/Website/Cours/Cours/5eme/Chapitre_8/Cours.html' -> 'H:/Javascript/Site cours/Cours/5eme/Chapitre_8/Cours.html' (13,389)
2023-01-10 17:50:47: Nouvelle Copie 'E:/Onedrive/Prog/Website/Cours/Cours/5eme/Chapitre_9/Cours.html' -> 'H:/Javascript/Site cours/Cours/5eme/Chapitre_9/Cours.html' (13,389)
2023-01-10 17:50:47: Nouvelle Copie 'E:/Onedrive/Prog/Website/Cours/Cours/6eme/Chapitre_1/Cours.html' -> 'H:/Javascript/Site cours/Cours/6eme/Chapitre_1/Cours.html' (13,389)
2023-01-10 17:50:47: Nouvelle Copie 'E:/Onedrive/Prog/Website/Cours/Cours/6eme/Chapitre_10/Cours.html' -> 'H:/Javascript/Site cours/Cours/6eme/Chapitre_10/Cours.html' (13,389)
2023-01-10 17:50:47: Nouvelle Copie 'E:/Onedrive/Prog/Website/Cours/Cours/6eme/Chapitre_11/Cours.html' -> 'H:/Javascript/Site cours/Cours/6eme/Chapitre_11/Cours.html' (13,389)
2023-01-10 17:50:47: Nouvelle Copie 'E:/Onedrive/Prog/Website/Cours/Cours/6eme/Chapitre_12/Cours.html' -> 'H:/Javascript/Site cours/Cours/6eme/Chapitre_12/Cours.html' (13,389)
2023-01-10 17:50:47: Nouvelle Copie 'E:/Onedrive/Prog/Website/Cours/Cours/6eme/Chapitre_13/Cours.html' -> 'H:/Javascript/Site cours/Cours/6eme/Chapitre_13/Cours.html' (13,389)
2023-01-10 17:50:47: Nouvelle Copie 'E:/Onedrive/Prog/Website/Cours/Cours/6eme/Chapitre_14/Cours.html' -> 'H:/Javascript/Site cours/Cours/6eme/Chapitre_14/Cours.html' (13,389)
2023-01-10 17:50:47: Nouvelle Copie 'E:/Onedrive/Prog/Website/Cours/Cours/6eme/Chapitre_15/Cours.html' -> 'H:/Javascript/Site cours/Cours/6eme/Chapitre_15/Cours.html' (13,389)
2023-01-10 17:50:47: Nouvelle Copie 'E:/Onedrive/Prog/Website/Cours/Cours/6eme/Chapitre_16/Cours.html' -> 'H:/Javascript/Site cours/Cours/6eme/Chapitre_16/Cours.html' (13,389)
2023-01-10 17:50:47: Nouvelle Copie 'E:/Onedrive/Prog/Website/Cours/Cours/6eme/Chapitre_17/Cours.html' -> 'H:/Javascript/Site cours/Cours/6eme/Chapitre_17/Cours.html' (13,389)
2023-01-10 17:50:47: Nouvelle Copie 'E:/Onedrive/Prog/Website/Cours/Cours/6eme/Chapitre_2/Cours.html' -> 'H:/Javascript/Site cours/Cours/6eme/Chapitre_2/Cours.html' (13,389)
2023-01-10 17:50:47: Nouvelle Copie 'E:/Onedrive/Prog/Website/Cours/Cours/6eme/Chapitre_18/Cours.html' -> 'H:/Javascript/Site cours/Cours/6eme/Chapitre_18/Cours.html' (13,389)
2023-01-10 17:50:47: Nouvelle Copie 'E:/Onedrive/Prog/Website/Cours/Cours/6eme/Chapitre_19/Cours.html' -> 'H:/Javascript/Site cours/Cours/6eme/Chapitre_19/Cours.html' (13,389)
2023-01-10 17:50:47: Nouvelle Copie 'E:/Onedrive/Prog/Website/Cours/Cours/6eme/Chapitre_20/Cours.html' -> 'H:/Javascript/Site cours/Cours/6eme/Chapitre_20/Cours.html' (13,389)
2023-01-10 17:50:47: Nouvelle Copie 'E:/Onedrive/Prog/Website/Cours/Cours/6eme/Chapitre_21/Cours.html' -> 'H:/Javascript/Site cours/Cours/6eme/Chapitre_21/Cours.html' (13,389)
2023-01-10 17:50:47: Nouvelle Copie 'E:/Onedrive/Prog/Website/Cours/Cours/6eme/Chapitre_3/Cours.html' -> 'H:/Javascript/Site cours/Cours/6eme/Chapitre_3/Cours.html' (13,389)
2023-01-10 17:50:47: Nouvelle Copie 'E:/Onedrive/Prog/Website/Cours/Cours/6eme/Chapitre_4/Cours.html' -> 'H:/Javascript/Site cours/Cours/6eme/Chapitre_4/Cours.html' (13,389)
2023-01-10 17:50:47: Nouvelle Copie 'E:/Onedrive/Prog/Website/Cours/Cours/6eme/Chapitre_5/Cours.html' -> 'H:/Javascript/Site cours/Cours/6eme/Chapitre_5/Cours.html' (13,389)
2023-01-10 17:50:47: Nouvelle Copie 'E:/Onedrive/Prog/Website/Cours/Cours/6eme/Chapitre_6/Cours.html' -> 'H:/Javascript/Site cours/Cours/6eme/Chapitre_6/Cours.html' (13,389)
2023-01-10 17:50:47: Nouvelle Copie 'E:/Onedrive/Prog/Website/Cours/Cours/6eme/Chapitre_7/Cours.html' -> 'H:/Javascript/Site cours/Cours/6eme/Chapitre_7/Cours.html' (13,389)
2023-01-10 17:50:47: Nouvelle Copie 'E:/Onedrive/Prog/Website/Cours/Cours/6eme/Chapitre_8/Cours.html' -> 'H:/Javascript/Site cours/Cours/6eme/Chapitre_8/Cours.html' (13,389)
2023-01-10 17:50:47: Nouvelle Copie 'E:/Onedrive/Prog/Website/Cours/Cours/6eme/Chapitre_9/Cours.html' -> 'H:/Javascript/Site cours/Cours/6eme/Chapitre_9/Cours.html' (13,389)
2023-01-10 17:50:47: Nouvelle Copie 'E:/Onedrive/Prog/Website/Cours/Cours/Images/Equerre.png' -> 'H:/Javascript/Site cours/Cours/Images/Equerre.png' (25,089)
2023-01-10 17:50:47: Nouvelle Copie 'E:/Onedrive/Prog/Website/Cours/Cours/Images/Rapporteur.png' -> 'H:/Javascript/Site cours/Cours/Images/Rapporteur.png' (126,879)
2023-01-10 17:50:47: Nouvelle Copie 'E:/Onedrive/Prog/Website/Cours/CSS/Cours.css' -> 'H:/Javascript/Site cours/CSS/Cours.css' (4,102)
2023-01-10 17:50:47: Nouvelle Copie 'E:/Onedrive/Prog/Website/Cours/CSS/Animation.css' -> 'H:/Javascript/Site cours/CSS/Animation.css' (1,817)
2023-01-10 17:50:47: Nouvelle Copie 'E:/Onedrive/Prog/Website/Cours/CSS/MainPage.css' -> 'H:/Javascript/Site cours/CSS/MainPage.css' (5,737)
2023-01-10 17:50:47: Nouvelle Copie 'E:/Onedrive/Prog/Website/Cours/CSS/Test.css' -> 'H:/Javascript/Site cours/CSS/Test.css' (719)
2023-01-10 17:50:47: Nouvelle Copie 'E:/Onedrive/Prog/Website/Cours/Images/Icones-01.png' -> 'H:/Javascript/Site cours/Images/Icones-01.png' (4,745)
2023-01-10 17:50:47: Nouvelle Copie 'E:/Onedrive/Prog/Website/Cours/Font/Verdana.ttf' -> 'H:/Javascript/Site cours/Font/Verdana.ttf' (153,540)
2023-01-10 17:50:47: Nouvelle Copie 'E:/Onedrive/Prog/Website/Cours/Icones.ai' -> 'H:/Javascript/Site cours/Icones.ai' (823,354)
2023-01-10 17:50:47: Nouvelle Copie 'E:/Onedrive/Prog/Website/Cours/Images/Icones-03.png' -> 'H:/Javascript/Site cours/Images/Icones-03.png' (6,469)
2023-01-10 17:50:47: Nouvelle Copie 'E:/Onedrive/Prog/Website/Cours/Images/Icones-04.png' -> 'H:/Javascript/Site cours/Images/Icones-04.png' (4,990)
2023-01-10 17:50:47: Nouvelle Copie 'E:/Onedrive/Prog/Website/Cours/Images/Icones-02.png' -> 'H:/Javascript/Site cours/Images/Icones-02.png' (4,905)
2023-01-10 17:50:47: Nouvelle Copie 'E:/Onedrive/Prog/Website/Cours/Images/Icones-05.png' -> 'H:/Javascript/Site cours/Images/Icones-05.png' (5,734)
2023-01-10 17:50:47: Nouvelle Copie 'E:/Onedrive/Prog/Website/Cours/index.html' -> 'H:/Javascript/Site cours/index.html' (3,428)
2023-01-10 17:50:47: Nouvelle Copie 'E:/Onedrive/Prog/Website/Cours/JS/Animation/AnimationTest.js' -> 'H:/Javascript/Site cours/JS/Animation/AnimationTest.js' (0)
2023-01-10 17:50:47: Nouvelle Copie 'E:/Onedrive/Prog/Website/Cours/JS/Animation/Animation_Data.js' -> 'H:/Javascript/Site cours/JS/Animation/Animation_Data.js' (11,343)
2023-01-10 17:50:47: Nouvelle Copie 'E:/Onedrive/Prog/Website/Cours/JS/Animation/animation_holder.js' -> 'H:/Javascript/Site cours/JS/Animation/animation_holder.js' (2,997)
2023-01-10 17:50:47: Nouvelle Copie 'E:/Onedrive/Prog/Website/Cours/JS/Animation/Objects/Anim_BreakLine.js' -> 'H:/Javascript/Site cours/JS/Animation/Objects/Anim_BreakLine.js' (5,661)
2023-01-10 17:50:47: Nouvelle Copie 'E:/Onedrive/Prog/Website/Cours/JS/Animation/Objects/Anim_Equerre.js' -> 'H:/Javascript/Site cours/JS/Animation/Objects/Anim_Equerre.js' (177)
2023-01-10 17:50:47: Nouvelle Copie 'E:/Onedrive/Prog/Website/Cours/JS/Animation/Objects/Anim_Compas.js' -> 'H:/Javascript/Site cours/JS/Animation/Objects/Anim_Compas.js' (7,202)
2023-01-10 17:50:47: Nouvelle Copie 'E:/Onedrive/Prog/Website/Cours/JS/Animation/Objects/Anim_Image.js' -> 'H:/Javascript/Site cours/JS/Animation/Objects/Anim_Image.js' (490)
2023-01-10 17:50:47: Nouvelle Copie 'E:/Onedrive/Prog/Website/Cours/JS/Animation/Objects/Anim_Line.js' -> 'H:/Javascript/Site cours/JS/Animation/Objects/Anim_Line.js' (1,567)
2023-01-10 17:50:47: Nouvelle Copie 'E:/Onedrive/Prog/Website/Cours/JS/Animation/Objects/Anim_Rapporteur.js' -> 'H:/Javascript/Site cours/JS/Animation/Objects/Anim_Rapporteur.js' (228)
2023-01-10 17:50:47: Nouvelle Copie 'E:/Onedrive/Prog/Website/Cours/JS/Animation/Objects/Anim_Rectangle.js' -> 'H:/Javascript/Site cours/JS/Animation/Objects/Anim_Rectangle.js' (2,093)
2023-01-10 17:50:47: Nouvelle Copie 'E:/Onedrive/Prog/Website/Cours/JS/Animation/Objects/Anim_Object.js' -> 'H:/Javascript/Site cours/JS/Animation/Objects/Anim_Object.js' (7,995)
2023-01-10 17:50:47: Nouvelle Copie 'E:/Onedrive/Prog/Website/Cours/JS/Animation/Objects/Anim_Text.js' -> 'H:/Javascript/Site cours/JS/Animation/Objects/Anim_Text.js' (2,670)
2023-01-10 17:50:48: Nouvelle Copie 'E:/Onedrive/Prog/Website/Cours/JS/Animations.js' -> 'H:/Javascript/Site cours/JS/Animations.js' (1,508)
2023-01-10 17:50:48: Nouvelle Copie 'E:/Onedrive/Prog/Website/Cours/JS/Cours/Liste.js' -> 'H:/Javascript/Site cours/JS/Cours/Liste.js' (11,970)
2023-01-10 17:50:48: Nouvelle Copie 'E:/Onedrive/Prog/Website/Cours/JS/es5/a11y/assistive-mml.js' -> 'H:/Javascript/Site cours/JS/es5/a11y/assistive-mml.js' (6,460)
2023-01-10 17:50:48: Nouvelle Copie 'E:/Onedrive/Prog/Website/Cours/JS/es5/a11y/explorer.js' -> 'H:/Javascript/Site cours/JS/es5/a11y/explorer.js' (36,348)
2023-01-10 17:50:48: Nouvelle Copie 'E:/Onedrive/Prog/Website/Cours/JS/es5/a11y/complexity.js' -> 'H:/Javascript/Site cours/JS/es5/a11y/complexity.js' (18,034)
2023-01-10 17:50:48: Nouvelle Copie 'E:/Onedrive/Prog/Website/Cours/JS/es5/a11y/semantic-enrich.js' -> 'H:/Javascript/Site cours/JS/es5/a11y/semantic-enrich.js' (8,084)
2023-01-10 17:50:48: Nouvelle Copie 'E:/Onedrive/Prog/Website/Cours/JS/es5/adaptors/liteDOM.js' -> 'H:/Javascript/Site cours/JS/es5/adaptors/liteDOM.js' (22,827)
2023-01-10 17:50:48: Nouvelle Copie 'E:/Onedrive/Prog/Website/Cours/JS/es5/a11y/sre.js' -> 'H:/Javascript/Site cours/JS/es5/a11y/sre.js' (337,064)
2023-01-10 17:50:48: Nouvelle Copie 'E:/Onedrive/Prog/Website/Cours/JS/es5/input/asciimath.js' -> 'H:/Javascript/Site cours/JS/es5/input/asciimath.js' (107,781)
2023-01-10 17:50:48: Nouvelle Copie 'E:/Onedrive/Prog/Website/Cours/JS/es5/input/mml/entities.js' -> 'H:/Javascript/Site cours/JS/es5/input/mml/entities.js' (51,126)
2023-01-10 17:50:48: Nouvelle Copie 'E:/Onedrive/Prog/Website/Cours/JS/es5/core.js' -> 'H:/Javascript/Site cours/JS/es5/core.js' (218,533)
2023-01-10 17:50:48: Nouvelle Copie 'E:/Onedrive/Prog/Website/Cours/JS/es5/input/mml/extensions/mml3.js' -> 'H:/Javascript/Site cours/JS/es5/input/mml/extensions/mml3.js' (28,862)
2023-01-10 17:50:48: Nouvelle Copie 'E:/Onedrive/Prog/Website/Cours/JS/es5/input/mml.js' -> 'H:/Javascript/Site cours/JS/es5/input/mml.js' (14,583)
2023-01-10 17:50:48: Nouvelle Copie 'E:/Onedrive/Prog/Website/Cours/JS/es5/input/mml/extensions/mml3.sef.json' -> 'H:/Javascript/Site cours/JS/es5/input/mml/extensions/mml3.sef.json' (199,492)
2023-01-10 17:50:48: Nouvelle Copie 'E:/Onedrive/Prog/Website/Cours/JS/es5/input/tex/extensions/action.js' -> 'H:/Javascript/Site cours/JS/es5/input/tex/extensions/action.js' (2,611)
2023-01-10 17:50:48: Nouvelle Copie 'E:/Onedrive/Prog/Website/Cours/JS/es5/input/tex/extensions/amscd.js' -> 'H:/Javascript/Site cours/JS/es5/input/tex/extensions/amscd.js' (6,769)
2023-01-10 17:50:48: Nouvelle Copie 'E:/Onedrive/Prog/Website/Cours/JS/es5/input/tex/extensions/ams.js' -> 'H:/Javascript/Site cours/JS/es5/input/tex/extensions/ams.js' (29,459)
2023-01-10 17:50:48: Nouvelle Copie 'E:/Onedrive/Prog/Website/Cours/JS/es5/input/tex/extensions/all-packages.js' -> 'H:/Javascript/Site cours/JS/es5/input/tex/extensions/all-packages.js' (215,178)
2023-01-10 17:50:48: Nouvelle Copie 'E:/Onedrive/Prog/Website/Cours/JS/es5/input/tex/extensions/bbox.js' -> 'H:/Javascript/Site cours/JS/es5/input/tex/extensions/bbox.js' (3,006)
2023-01-10 17:50:48: Nouvelle Copie 'E:/Onedrive/Prog/Website/Cours/JS/es5/input/tex/extensions/autoload.js' -> 'H:/Javascript/Site cours/JS/es5/input/tex/extensions/autoload.js' (6,357)
2023-01-10 17:50:48: Nouvelle Copie 'E:/Onedrive/Prog/Website/Cours/JS/es5/input/tex/extensions/boldsymbol.js' -> 'H:/Javascript/Site cours/JS/es5/input/tex/extensions/boldsymbol.js' (4,056)
2023-01-10 17:50:48: Nouvelle Copie 'E:/Onedrive/Prog/Website/Cours/JS/es5/input/tex/extensions/bussproofs.js' -> 'H:/Javascript/Site cours/JS/es5/input/tex/extensions/bussproofs.js' (18,344)
2023-01-10 17:50:48: Nouvelle Copie 'E:/Onedrive/Prog/Website/Cours/JS/es5/input/tex/extensions/braket.js' -> 'H:/Javascript/Site cours/JS/es5/input/tex/extensions/braket.js' (6,729)
2023-01-10 17:50:48: Nouvelle Copie 'E:/Onedrive/Prog/Website/Cours/JS/es5/input/tex/extensions/cancel.js' -> 'H:/Javascript/Site cours/JS/es5/input/tex/extensions/cancel.js' (3,326)
2023-01-10 17:50:48: Nouvelle Copie 'E:/Onedrive/Prog/Website/Cours/JS/es5/input/tex/extensions/cases.js' -> 'H:/Javascript/Site cours/JS/es5/input/tex/extensions/cases.js' (7,064)
2023-01-10 17:50:48: Nouvelle Copie 'E:/Onedrive/Prog/Website/Cours/JS/es5/input/tex/extensions/centernot.js' -> 'H:/Javascript/Site cours/JS/es5/input/tex/extensions/centernot.js' (3,477)
2023-01-10 17:50:48: Nouvelle Copie 'E:/Onedrive/Prog/Website/Cours/JS/es5/input/tex/extensions/color.js' -> 'H:/Javascript/Site cours/JS/es5/input/tex/extensions/color.js' (8,627)
2023-01-10 17:50:48: Nouvelle Copie 'E:/Onedrive/Prog/Website/Cours/JS/es5/input/tex/extensions/colorv2.js' -> 'H:/Javascript/Site cours/JS/es5/input/tex/extensions/colorv2.js' (1,998)
2023-01-10 17:50:48: Nouvelle Copie 'E:/Onedrive/Prog/Website/Cours/JS/es5/input/tex/extensions/colortbl.js' -> 'H:/Javascript/Site cours/JS/es5/input/tex/extensions/colortbl.js' (5,392)
2023-01-10 17:50:48: Nouvelle Copie 'E:/Onedrive/Prog/Website/Cours/JS/es5/input/tex/extensions/configmacros.js' -> 'H:/Javascript/Site cours/JS/es5/input/tex/extensions/configmacros.js' (4,676)
2023-01-10 17:50:48: Nouvelle Copie 'E:/Onedrive/Prog/Website/Cours/JS/es5/input/tex/extensions/empheq.js' -> 'H:/Javascript/Site cours/JS/es5/input/tex/extensions/empheq.js' (11,100)
2023-01-10 17:50:48: Nouvelle Copie 'E:/Onedrive/Prog/Website/Cours/JS/es5/input/tex/extensions/extpfeil.js' -> 'H:/Javascript/Site cours/JS/es5/input/tex/extensions/extpfeil.js' (3,451)
2023-01-10 17:50:48: Nouvelle Copie 'E:/Onedrive/Prog/Website/Cours/JS/es5/input/tex/extensions/enclose.js' -> 'H:/Javascript/Site cours/JS/es5/input/tex/extensions/enclose.js' (2,387)
2023-01-10 17:50:48: Nouvelle Copie 'E:/Onedrive/Prog/Website/Cours/JS/es5/input/tex/extensions/gensymb.js' -> 'H:/Javascript/Site cours/JS/es5/input/tex/extensions/gensymb.js' (2,104)
2023-01-10 17:50:48: Nouvelle Copie 'E:/Onedrive/Prog/Website/Cours/JS/es5/input/tex/extensions/html.js' -> 'H:/Javascript/Site cours/JS/es5/input/tex/extensions/html.js' (2,969)
2023-01-10 17:50:48: Nouvelle Copie 'E:/Onedrive/Prog/Website/Cours/JS/es5/input/tex/extensions/mathtools.js' -> 'H:/Javascript/Site cours/JS/es5/input/tex/extensions/mathtools.js' (31,845)
2023-01-10 17:50:48: Nouvelle Copie 'E:/Onedrive/Prog/Website/Cours/JS/es5/input/tex/extensions/noerrors.js' -> 'H:/Javascript/Site cours/JS/es5/input/tex/extensions/noerrors.js' (1,226)
2023-01-10 17:50:48: Nouvelle Copie 'E:/Onedrive/Prog/Website/Cours/JS/es5/input/tex/extensions/mhchem.js' -> 'H:/Javascript/Site cours/JS/es5/input/tex/extensions/mhchem.js' (38,270)
2023-01-10 17:50:48: Nouvelle Copie 'E:/Onedrive/Prog/Website/Cours/JS/es5/input/tex/extensions/newcommand.js' -> 'H:/Javascript/Site cours/JS/es5/input/tex/extensions/newcommand.js' (11,768)
2023-01-10 17:50:48: Nouvelle Copie 'E:/Onedrive/Prog/Website/Cours/JS/es5/input/tex/extensions/noundefined.js' -> 'H:/Javascript/Site cours/JS/es5/input/tex/extensions/noundefined.js' (1,852)
2023-01-10 17:50:48: Nouvelle Copie 'E:/Onedrive/Prog/Website/Cours/JS/es5/input/tex/extensions/physics.js' -> 'H:/Javascript/Site cours/JS/es5/input/tex/extensions/physics.js' (24,029)
2023-01-10 17:50:48: Nouvelle Copie 'E:/Onedrive/Prog/Website/Cours/JS/es5/input/tex/extensions/require.js' -> 'H:/Javascript/Site cours/JS/es5/input/tex/extensions/require.js' (6,286)
2023-01-10 17:50:49: Nouvelle Copie 'E:/Onedrive/Prog/Website/Cours/JS/es5/input/tex/extensions/setoptions.js' -> 'H:/Javascript/Site cours/JS/es5/input/tex/extensions/setoptions.js' (5,549)
2023-01-10 17:50:49: Nouvelle Copie 'E:/Onedrive/Prog/Website/Cours/JS/es5/input/tex/extensions/tagformat.js' -> 'H:/Javascript/Site cours/JS/es5/input/tex/extensions/tagformat.js' (2,864)
2023-01-10 17:50:49: Nouvelle Copie 'E:/Onedrive/Prog/Website/Cours/JS/es5/input/tex/extensions/textcomp.js' -> 'H:/Javascript/Site cours/JS/es5/input/tex/extensions/textcomp.js' (6,808)
2023-01-10 17:50:49: Nouvelle Copie 'E:/Onedrive/Prog/Website/Cours/JS/es5/input/tex/extensions/unicode.js' -> 'H:/Javascript/Site cours/JS/es5/input/tex/extensions/unicode.js' (3,450)
2023-01-10 17:50:49: Nouvelle Copie 'E:/Onedrive/Prog/Website/Cours/JS/es5/input/tex/extensions/textmacros.js' -> 'H:/Javascript/Site cours/JS/es5/input/tex/extensions/textmacros.js' (16,138)
2023-01-10 17:50:49: Nouvelle Copie 'E:/Onedrive/Prog/Website/Cours/JS/es5/input/tex/extensions/upgreek.js' -> 'H:/Javascript/Site cours/JS/es5/input/tex/extensions/upgreek.js' (2,676)
2023-01-10 17:50:49: Nouvelle Copie 'E:/Onedrive/Prog/Website/Cours/JS/es5/input/tex/extensions/verb.js' -> 'H:/Javascript/Site cours/JS/es5/input/tex/extensions/verb.js' (2,562)
2023-01-10 17:50:49: Nouvelle Copie 'E:/Onedrive/Prog/Website/Cours/JS/es5/input/tex-base.js' -> 'H:/Javascript/Site cours/JS/es5/input/tex-base.js' (135,594)
2023-01-10 17:50:49: Nouvelle Copie 'E:/Onedrive/Prog/Website/Cours/JS/es5/input/tex.js' -> 'H:/Javascript/Site cours/JS/es5/input/tex.js' (179,888)
2023-01-10 17:50:49: Nouvelle Copie 'E:/Onedrive/Prog/Website/Cours/JS/es5/input/tex-full.js' -> 'H:/Javascript/Site cours/JS/es5/input/tex-full.js' (345,624)
2023-01-10 17:50:49: Nouvelle Copie 'E:/Onedrive/Prog/Website/Cours/JS/es5/latest.js' -> 'H:/Javascript/Site cours/JS/es5/latest.js' (5,090)
2023-01-10 17:50:49: > Nouvelle Copie 'E:/Onedrive/Prog/Website/Cours/JS/es5/mml-svg.js' -> 'H:/Javascript/Site cours/JS/es5/mml-svg.js' (1,945,224)
2023-01-10 17:50:49: Nouvelle Copie 'E:/Onedrive/Prog/Website/Cours/JS/es5/loader.js' -> 'H:/Javascript/Site cours/JS/es5/loader.js' (18,439)
2023-01-10 17:50:50: Nouvelle Copie 'E:/Onedrive/Prog/Website/Cours/JS/es5/mml-chtml.js' -> 'H:/Javascript/Site cours/JS/es5/mml-chtml.js' (997,633)
2023-01-10 17:50:50: Nouvelle Copie 'E:/Onedrive/Prog/Website/Cours/JS/es5/node-main.js' -> 'H:/Javascript/Site cours/JS/es5/node-main.js' (265,880)
2023-01-10 17:50:50: < Nouvelle Copie 'E:/Onedrive/Prog/Website/Cours/JS/es5/mml-svg.js' -> 'H:/Javascript/Site cours/JS/es5/mml-svg.js' (1,945,224)
2023-01-10 17:50:50: Nouvelle Copie 'E:/Onedrive/Prog/Website/Cours/JS/es5/output/chtml/fonts/tex.js' -> 'H:/Javascript/Site cours/JS/es5/output/chtml/fonts/tex.js' (104,800)
2023-01-10 17:50:50: Nouvelle Copie 'E:/Onedrive/Prog/Website/Cours/JS/es5/output/chtml/fonts/woff-v2/MathJax_AMS-Regular.woff' -> 'H:/Javascript/Site cours/JS/es5/output/chtml/fonts/woff-v2/MathJax_AMS-Regular.woff' (40,808)
2023-01-10 17:50:50: Nouvelle Copie 'E:/Onedrive/Prog/Website/Cours/JS/es5/output/chtml/fonts/woff-v2/MathJax_Calligraphic-Bold.woff' -> 'H:/Javascript/Site cours/JS/es5/output/chtml/fonts/woff-v2/MathJax_Calligraphic-Bold.woff' (9,908)
2023-01-10 17:50:50: Nouvelle Copie 'E:/Onedrive/Prog/Website/Cours/JS/es5/output/chtml/fonts/woff-v2/MathJax_Fraktur-Bold.woff' -> 'H:/Javascript/Site cours/JS/es5/output/chtml/fonts/woff-v2/MathJax_Fraktur-Bold.woff' (22,340)
2023-01-10 17:50:50: Nouvelle Copie 'E:/Onedrive/Prog/Website/Cours/JS/es5/output/chtml/fonts/woff-v2/MathJax_Calligraphic-Regular.woff' -> 'H:/Javascript/Site cours/JS/es5/output/chtml/fonts/woff-v2/MathJax_Calligraphic-Regular.woff' (9,600)
2023-01-10 17:50:50: Nouvelle Copie 'E:/Onedrive/Prog/Website/Cours/JS/es5/output/chtml/fonts/woff-v2/MathJax_Fraktur-Regular.woff' -> 'H:/Javascript/Site cours/JS/es5/output/chtml/fonts/woff-v2/MathJax_Fraktur-Regular.woff' (21,480)
2023-01-10 17:50:50: Nouvelle Copie 'E:/Onedrive/Prog/Website/Cours/JS/es5/output/chtml/fonts/woff-v2/MathJax_Main-Italic.woff' -> 'H:/Javascript/Site cours/JS/es5/output/chtml/fonts/woff-v2/MathJax_Main-Italic.woff' (20,832)
2023-01-10 17:50:50: Nouvelle Copie 'E:/Onedrive/Prog/Website/Cours/JS/es5/output/chtml/fonts/woff-v2/MathJax_Main-Bold.woff' -> 'H:/Javascript/Site cours/JS/es5/output/chtml/fonts/woff-v2/MathJax_Main-Bold.woff' (34,464)
2023-01-10 17:50:50: Nouvelle Copie 'E:/Onedrive/Prog/Website/Cours/JS/es5/output/chtml/fonts/woff-v2/MathJax_Main-Regular.woff' -> 'H:/Javascript/Site cours/JS/es5/output/chtml/fonts/woff-v2/MathJax_Main-Regular.woff' (34,160)
2023-01-10 17:50:50: Nouvelle Copie 'E:/Onedrive/Prog/Website/Cours/JS/es5/output/chtml/fonts/woff-v2/MathJax_Math-BoldItalic.woff' -> 'H:/Javascript/Site cours/JS/es5/output/chtml/fonts/woff-v2/MathJax_Math-BoldItalic.woff' (19,776)
2023-01-10 17:50:50: Nouvelle Copie 'E:/Onedrive/Prog/Website/Cours/JS/es5/output/chtml/fonts/woff-v2/MathJax_Math-Italic.woff' -> 'H:/Javascript/Site cours/JS/es5/output/chtml/fonts/woff-v2/MathJax_Math-Italic.woff' (19,360)
2023-01-10 17:50:50: Nouvelle Copie 'E:/Onedrive/Prog/Website/Cours/JS/es5/output/chtml/fonts/woff-v2/MathJax_Math-Regular.woff' -> 'H:/Javascript/Site cours/JS/es5/output/chtml/fonts/woff-v2/MathJax_Math-Regular.woff' (19,288)
2023-01-10 17:50:50: Nouvelle Copie 'E:/Onedrive/Prog/Website/Cours/JS/es5/output/chtml/fonts/woff-v2/MathJax_SansSerif-Bold.woff' -> 'H:/Javascript/Site cours/JS/es5/output/chtml/fonts/woff-v2/MathJax_SansSerif-Bold.woff' (15,944)
2023-01-10 17:50:50: Nouvelle Copie 'E:/Onedrive/Prog/Website/Cours/JS/es5/output/chtml/fonts/woff-v2/MathJax_SansSerif-Italic.woff' -> 'H:/Javascript/Site cours/JS/es5/output/chtml/fonts/woff-v2/MathJax_SansSerif-Italic.woff' (14,628)
2023-01-10 17:50:50: Nouvelle Copie 'E:/Onedrive/Prog/Website/Cours/JS/es5/output/chtml/fonts/woff-v2/MathJax_SansSerif-Regular.woff' -> 'H:/Javascript/Site cours/JS/es5/output/chtml/fonts/woff-v2/MathJax_SansSerif-Regular.woff' (12,660)
2023-01-10 17:50:50: Nouvelle Copie 'E:/Onedrive/Prog/Website/Cours/JS/es5/output/chtml/fonts/woff-v2/MathJax_Script-Regular.woff' -> 'H:/Javascript/Site cours/JS/es5/output/chtml/fonts/woff-v2/MathJax_Script-Regular.woff' (11,852)
2023-01-10 17:50:50: Nouvelle Copie 'E:/Onedrive/Prog/Website/Cours/JS/es5/output/chtml/fonts/woff-v2/MathJax_Size1-Regular.woff' -> 'H:/Javascript/Site cours/JS/es5/output/chtml/fonts/woff-v2/MathJax_Size1-Regular.woff' (5,792)
2023-01-10 17:50:50: Nouvelle Copie 'E:/Onedrive/Prog/Website/Cours/JS/es5/output/chtml/fonts/woff-v2/MathJax_Size2-Regular.woff' -> 'H:/Javascript/Site cours/JS/es5/output/chtml/fonts/woff-v2/MathJax_Size2-Regular.woff' (5,464)
2023-01-10 17:50:50: Nouvelle Copie 'E:/Onedrive/Prog/Website/Cours/JS/es5/output/chtml/fonts/woff-v2/MathJax_Size4-Regular.woff' -> 'H:/Javascript/Site cours/JS/es5/output/chtml/fonts/woff-v2/MathJax_Size4-Regular.woff' (5,148)
2023-01-10 17:50:50: Nouvelle Copie 'E:/Onedrive/Prog/Website/Cours/JS/es5/output/chtml/fonts/woff-v2/MathJax_Typewriter-Regular.woff' -> 'H:/Javascript/Site cours/JS/es5/output/chtml/fonts/woff-v2/MathJax_Typewriter-Regular.woff' (17,604)
2023-01-10 17:50:50: Nouvelle Copie 'E:/Onedrive/Prog/Website/Cours/JS/es5/output/chtml/fonts/woff-v2/MathJax_Size3-Regular.woff' -> 'H:/Javascript/Site cours/JS/es5/output/chtml/fonts/woff-v2/MathJax_Size3-Regular.woff' (3,244)
2023-01-10 17:50:51: Nouvelle Copie 'E:/Onedrive/Prog/Website/Cours/JS/es5/output/chtml/fonts/woff-v2/MathJax_Zero.woff' -> 'H:/Javascript/Site cours/JS/es5/output/chtml/fonts/woff-v2/MathJax_Zero.woff' (1,368)
2023-01-10 17:50:51: Nouvelle Copie 'E:/Onedrive/Prog/Website/Cours/JS/es5/output/chtml/fonts/woff-v2/MathJax_Vector-Bold.woff' -> 'H:/Javascript/Site cours/JS/es5/output/chtml/fonts/woff-v2/MathJax_Vector-Bold.woff' (1,116)
2023-01-10 17:50:51: > Nouvelle Copie 'E:/Onedrive/Prog/Website/Cours/JS/es5/output/svg/fonts/tex.js' -> 'H:/Javascript/Site cours/JS/es5/output/svg/fonts/tex.js' (1,065,875)
2023-01-10 17:50:51: Nouvelle Copie 'E:/Onedrive/Prog/Website/Cours/JS/es5/output/chtml/fonts/woff-v2/MathJax_Vector-Regular.woff' -> 'H:/Javascript/Site cours/JS/es5/output/chtml/fonts/woff-v2/MathJax_Vector-Regular.woff' (1,136)
2023-01-10 17:50:51: Nouvelle Copie 'E:/Onedrive/Prog/Website/Cours/JS/es5/output/svg.js' -> 'H:/Javascript/Site cours/JS/es5/output/svg.js' (208,515)
2023-01-10 17:50:51: Nouvelle Copie 'E:/Onedrive/Prog/Website/Cours/JS/es5/output/chtml.js' -> 'H:/Javascript/Site cours/JS/es5/output/chtml.js' (221,887)
2023-01-10 17:50:51: < Nouvelle Copie 'E:/Onedrive/Prog/Website/Cours/JS/es5/output/svg/fonts/tex.js' -> 'H:/Javascript/Site cours/JS/es5/output/svg/fonts/tex.js' (1,065,875)
2023-01-10 17:50:51: Nouvelle Copie 'E:/Onedrive/Prog/Website/Cours/JS/es5/sre/mathmaps/base.json' -> 'H:/Javascript/Site cours/JS/es5/sre/mathmaps/base.json' (115,025)
2023-01-10 17:50:51: Nouvelle Copie 'E:/Onedrive/Prog/Website/Cours/JS/es5/sre/mathmaps/ca.json' -> 'H:/Javascript/Site cours/JS/es5/sre/mathmaps/ca.json' (296,176)
2023-01-10 17:50:51: Nouvelle Copie 'E:/Onedrive/Prog/Website/Cours/JS/es5/sre/mathmaps/de.json' -> 'H:/Javascript/Site cours/JS/es5/sre/mathmaps/de.json' (329,805)
2023-01-10 17:50:51: Nouvelle Copie 'E:/Onedrive/Prog/Website/Cours/JS/es5/sre/mathmaps/da.json' -> 'H:/Javascript/Site cours/JS/es5/sre/mathmaps/da.json' (294,956)
2023-01-10 17:50:51: Nouvelle Copie 'E:/Onedrive/Prog/Website/Cours/JS/es5/sre/mathmaps/en.json' -> 'H:/Javascript/Site cours/JS/es5/sre/mathmaps/en.json' (409,173)
2023-01-10 17:50:51: Nouvelle Copie 'E:/Onedrive/Prog/Website/Cours/JS/es5/sre/mathmaps/es.json' -> 'H:/Javascript/Site cours/JS/es5/sre/mathmaps/es.json' (298,556)
2023-01-10 17:50:51: Nouvelle Copie 'E:/Onedrive/Prog/Website/Cours/JS/es5/sre/mathmaps/fr.json' -> 'H:/Javascript/Site cours/JS/es5/sre/mathmaps/fr.json' (322,917)
2023-01-10 17:50:51: Nouvelle Copie 'E:/Onedrive/Prog/Website/Cours/JS/es5/sre/mathmaps/hi.json' -> 'H:/Javascript/Site cours/JS/es5/sre/mathmaps/hi.json' (440,548)
2023-01-10 17:50:51: Nouvelle Copie 'E:/Onedrive/Prog/Website/Cours/JS/es5/sre/mathmaps/it.json' -> 'H:/Javascript/Site cours/JS/es5/sre/mathmaps/it.json' (328,235)
2023-01-10 17:50:51: Nouvelle Copie 'E:/Onedrive/Prog/Website/Cours/JS/es5/sre/mathmaps/nb.json' -> 'H:/Javascript/Site cours/JS/es5/sre/mathmaps/nb.json' (307,312)
2023-01-10 17:50:51: Nouvelle Copie 'E:/Onedrive/Prog/Website/Cours/JS/es5/sre/mathmaps/nemeth.json' -> 'H:/Javascript/Site cours/JS/es5/sre/mathmaps/nemeth.json' (224,008)
2023-01-10 17:50:52: Nouvelle Copie 'E:/Onedrive/Prog/Website/Cours/JS/es5/startup.js' -> 'H:/Javascript/Site cours/JS/es5/startup.js' (29,566)
2023-01-10 17:50:52: > Nouvelle Copie 'E:/Onedrive/Prog/Website/Cours/JS/es5/tex-chtml-full-speech.js' -> 'H:/Javascript/Site cours/JS/es5/tex-chtml-full-speech.js' (2,091,263)
2023-01-10 17:50:52: Nouvelle Copie 'E:/Onedrive/Prog/Website/Cours/JS/es5/sre/mathmaps/nn.json' -> 'H:/Javascript/Site cours/JS/es5/sre/mathmaps/nn.json' (308,992)
2023-01-10 17:50:52: > Nouvelle Copie 'E:/Onedrive/Prog/Website/Cours/JS/es5/tex-chtml-full.js' -> 'H:/Javascript/Site cours/JS/es5/tex-chtml-full.js' (1,327,522)
2023-01-10 17:50:52: Nouvelle Copie 'E:/Onedrive/Prog/Website/Cours/JS/es5/sre/mathmaps/sv.json' -> 'H:/Javascript/Site cours/JS/es5/sre/mathmaps/sv.json' (317,841)
2023-01-10 17:50:52: > Nouvelle Copie 'E:/Onedrive/Prog/Website/Cours/JS/es5/tex-chtml.js' -> 'H:/Javascript/Site cours/JS/es5/tex-chtml.js' (1,160,989)
2023-01-10 17:50:52: < Nouvelle Copie 'E:/Onedrive/Prog/Website/Cours/JS/es5/tex-chtml.js' -> 'H:/Javascript/Site cours/JS/es5/tex-chtml.js' (1,160,989)
2023-01-10 17:50:52: > Nouvelle Copie 'E:/Onedrive/Prog/Website/Cours/JS/es5/tex-mml-chtml.js' -> 'H:/Javascript/Site cours/JS/es5/tex-mml-chtml.js' (1,173,007)
2023-01-10 17:50:52: < Nouvelle Copie 'E:/Onedrive/Prog/Website/Cours/JS/es5/tex-chtml-full.js' -> 'H:/Javascript/Site cours/JS/es5/tex-chtml-full.js' (1,327,522)
2023-01-10 17:50:52: > Nouvelle Copie 'E:/Onedrive/Prog/Website/Cours/JS/es5/tex-mml-svg.js' -> 'H:/Javascript/Site cours/JS/es5/tex-mml-svg.js' (2,120,598)
2023-01-10 17:50:52: < Nouvelle Copie 'E:/Onedrive/Prog/Website/Cours/JS/es5/tex-chtml-full-speech.js' -> 'H:/Javascript/Site cours/JS/es5/tex-chtml-full-speech.js' (2,091,263)
2023-01-10 17:50:52: > Nouvelle Copie 'E:/Onedrive/Prog/Website/Cours/JS/es5/tex-svg-full.js' -> 'H:/Javascript/Site cours/JS/es5/tex-svg-full.js' (2,275,113)
2023-01-10 17:50:53: < Nouvelle Copie 'E:/Onedrive/Prog/Website/Cours/JS/es5/tex-mml-svg.js' -> 'H:/Javascript/Site cours/JS/es5/tex-mml-svg.js' (2,120,598)
2023-01-10 17:50:53: > Nouvelle Copie 'E:/Onedrive/Prog/Website/Cours/JS/es5/tex-svg.js' -> 'H:/Javascript/Site cours/JS/es5/tex-svg.js' (2,108,580)
2023-01-10 17:50:53: < Nouvelle Copie 'E:/Onedrive/Prog/Website/Cours/JS/es5/tex-mml-chtml.js' -> 'H:/Javascript/Site cours/JS/es5/tex-mml-chtml.js' (1,173,007)
2023-01-10 17:50:53: < Nouvelle Copie 'E:/Onedrive/Prog/Website/Cours/JS/es5/tex-svg-full.js' -> 'H:/Javascript/Site cours/JS/es5/tex-svg-full.js' (2,275,113)
2023-01-10 17:50:53: Nouvelle Copie 'E:/Onedrive/Prog/Website/Cours/JS/es5/ui/lazy.js' -> 'H:/Javascript/Site cours/JS/es5/ui/lazy.js' (11,148)
2023-01-10 17:50:53: Nouvelle Copie 'E:/Onedrive/Prog/Website/Cours/JS/es5/ui/safe.js' -> 'H:/Javascript/Site cours/JS/es5/ui/safe.js' (11,189)
2023-01-10 17:50:53: Nouvelle Copie 'E:/Onedrive/Prog/Website/Cours/JS/es5/ui/menu.js' -> 'H:/Javascript/Site cours/JS/es5/ui/menu.js' (425,918)
2023-01-10 17:50:53: < Nouvelle Copie 'E:/Onedrive/Prog/Website/Cours/JS/es5/tex-svg.js' -> 'H:/Javascript/Site cours/JS/es5/tex-svg.js' (2,108,580)
2023-01-10 17:50:53: Nouvelle Copie 'E:/Onedrive/Prog/Website/Cours/TestNavBar.html' -> 'H:/Javascript/Site cours/TestNavBar.html' (5,077)
2023-01-10 17:50:54: == Sync Complete. Time: 00:00:10, Speed: 3.95 MB/s, Elements synchronisés : 363, Erreurs : 0
